2022-04-06 12:21:40,809 INFO o.a.j.u.JMeterUtils: Setting Locale to zh_CN
2022-04-06 12:21:40,867 INFO o.a.j.JMeter: Loading user properties from: user.properties
2022-04-06 12:21:40,868 INFO o.a.j.JMeter: Loading system properties from: system.properties
2022-04-06 12:21:40,869 INFO o.a.j.JMeter: Setting JMeter property: jmeter.save.saveservice.output_format=xml
2022-04-06 12:21:40,882 INFO o.a.j.JMeter: Copyright (c) 1998-2021 The Apache Software Foundation
2022-04-06 12:21:40,883 INFO o.a.j.JMeter: Version 5.4.3
2022-04-06 12:21:40,883 INFO o.a.j.JMeter: java.version=14.0.1
2022-04-06 12:21:40,883 INFO o.a.j.JMeter: java.vm.name=Java HotSpot(TM) 64-Bit Server VM
2022-04-06 12:21:40,883 INFO o.a.j.JMeter: os.name=Windows 10
2022-04-06 12:21:40,883 INFO o.a.j.JMeter: os.arch=amd64
2022-04-06 12:21:40,883 INFO o.a.j.JMeter: os.version=10.0
2022-04-06 12:21:40,884 INFO o.a.j.JMeter: file.encoding=GBK
2022-04-06 12:21:40,884 INFO o.a.j.JMeter: java.awt.headless=true
2022-04-06 12:21:40,884 INFO o.a.j.JMeter: Max memory     =2627731456
2022-04-06 12:21:40,884 INFO o.a.j.JMeter: Available Processors =4
2022-04-06 12:21:40,901 INFO o.a.j.JMeter: Default Locale=中文 (中国)
2022-04-06 12:21:40,902 INFO o.a.j.JMeter: JMeter  Locale=中文 (中国)
2022-04-06 12:21:40,902 INFO o.a.j.JMeter: JMeterHome=E:\jmeter\apache-jmeter-5.4.3
2022-04-06 12:21:40,903 INFO o.a.j.JMeter: user.dir  =E:\jmeter\apache-jmeter-5.4.3\bin
2022-04-06 12:21:40,903 INFO o.a.j.JMeter: PWD       =E:\jmeter\apache-jmeter-5.4.3\bin
2022-04-06 12:21:45,512 INFO o.a.j.JMeter: IP: 192.168.37.1 Name: DESKTOP-VSUNCDH FullName: DESKTOP-VSUNCDH
2022-04-06 12:21:45,539 INFO o.a.j.s.FileServer: Default base='E:\jmeter\apache-jmeter-5.4.3\bin'
2022-04-06 12:21:45,544 INFO o.a.j.s.FileServer: Set new base='E:\jmeter\apache-jmeter-5.4.3\jmeterwork\script'
2022-04-06 12:21:45,837 INFO o.a.j.s.SaveService: Testplan (JMX) version: 2.2. Testlog (JTL) version: 2.2
2022-04-06 12:21:45,895 INFO o.a.j.s.SaveService: Using SaveService properties version 5.0
2022-04-06 12:21:45,906 INFO o.a.j.s.SaveService: Using SaveService properties file encoding UTF-8
2022-04-06 12:21:45,915 INFO o.a.j.s.SaveService: Loading file: E:\jmeter\apache-jmeter-5.4.3\jmeterwork\script\接口练习物模型.jmx
2022-04-06 12:21:46,016 INFO o.a.j.p.h.s.HTTPSamplerBase: Parser for text/html is org.apache.jmeter.protocol.http.parser.LagartoBasedHtmlParser
2022-04-06 12:21:46,016 INFO o.a.j.p.h.s.HTTPSamplerBase: Parser for application/xhtml+xml is org.apache.jmeter.protocol.http.parser.LagartoBasedHtmlParser
2022-04-06 12:21:46,016 INFO o.a.j.p.h.s.HTTPSamplerBase: Parser for application/xml is org.apache.jmeter.protocol.http.parser.LagartoBasedHtmlParser
2022-04-06 12:21:46,017 INFO o.a.j.p.h.s.HTTPSamplerBase: Parser for text/xml is org.apache.jmeter.protocol.http.parser.LagartoBasedHtmlParser
2022-04-06 12:21:46,017 INFO o.a.j.p.h.s.HTTPSamplerBase: Parser for text/vnd.wap.wml is org.apache.jmeter.protocol.http.parser.RegexpHTMLParser
2022-04-06 12:21:46,017 INFO o.a.j.p.h.s.HTTPSamplerBase: Parser for text/css is org.apache.jmeter.protocol.http.parser.CssParser
2022-04-06 12:21:46,152 INFO o.a.j.JMeter: Creating summariser <summary>
2022-04-06 12:21:46,166 INFO o.a.j.e.StandardJMeterEngine: Running the test!
2022-04-06 12:21:46,167 INFO o.a.j.s.SampleEvent: List of sample_variables: []
2022-04-06 12:21:46,167 INFO o.a.j.s.SampleEvent: List of sample_variables: []
2022-04-06 12:21:46,181 INFO o.a.j.e.u.CompoundVariable: Note: Function class names must contain the string: '.functions.'
2022-04-06 12:21:46,181 INFO o.a.j.e.u.CompoundVariable: Note: Function class names must not contain the string: '.gui.'
2022-04-06 12:21:46,897 INFO o.a.j.JMeter: 正在运行的测试 (1649218906897)
2022-04-06 12:21:46,938 INFO o.a.j.e.StandardJMeterEngine: Starting ThreadGroup: 1 : 线程组
2022-04-06 12:21:46,938 INFO o.a.j.e.StandardJMeterEngine: Starting 1 threads for group 线程组.
2022-04-06 12:21:46,939 INFO o.a.j.e.StandardJMeterEngine: Thread will continue on error
2022-04-06 12:21:46,939 INFO o.a.j.t.ThreadGroup: Starting thread group... number=1 threads=1 ramp-up=1 delayedStart=false
2022-04-06 12:21:46,983 INFO o.a.j.t.ThreadGroup: Started thread group number 1
2022-04-06 12:21:46,984 INFO o.a.j.e.StandardJMeterEngine: All thread groups have been started
2022-04-06 12:21:46,995 INFO o.a.j.t.JMeterThread: Thread started: 线程组 1-1
2022-04-06 12:21:47,040 INFO o.a.j.p.h.s.HTTPHCAbstractImpl: Local host = DESKTOP-VSUNCDH
2022-04-06 12:21:47,051 INFO o.a.j.p.h.s.HTTPHC4Impl: HTTP request retry count = 0
2022-04-06 12:21:47,053 INFO o.a.j.s.SampleResult: Note: Sample TimeStamps are START times
2022-04-06 12:21:47,053 INFO o.a.j.s.SampleResult: sampleresult.default.encoding is set to ISO-8859-1
2022-04-06 12:21:47,054 INFO o.a.j.s.SampleResult: sampleresult.useNanoTime=true
2022-04-06 12:21:47,054 INFO o.a.j.s.SampleResult: sampleresult.nanoThreadSleep=5000
2022-04-06 12:21:47,694 INFO o.a.j.t.JMeterThread: Thread is done: 线程组 1-1
2022-04-06 12:21:47,694 INFO o.a.j.t.JMeterThread: Thread finished: 线程组 1-1
2022-04-06 12:21:47,696 INFO o.a.j.e.StandardJMeterEngine: Notifying test listeners of end of test
2022-04-06 12:21:47,698 INFO o.a.j.r.Summariser: summary =      1 in 00:00:01 =    1.3/s Avg:   471 Min:   471 Max:   471 Err:     1 (100.00%)
